<?xml version="1.0" encoding="UTF-8"?>
<testsuite name="com.example.springhw1.SpringHw1ApplicationTests" tests="1" skipped="0" failures="0" errors="0" timestamp="2023-06-26T03:49:07" hostname="Mias-MBP.lan" time="0.068">
  <properties/>
  <testcase name="testContextLoads5()" classname="com.example.springhw1.SpringHw1ApplicationTests" time="0.068"/>
  <system-out><![CDATA[20:49:05.626 [Test worker] INFO org.springframework.test.context.support.AnnotationConfigContextLoaderUtils -- Could not detect default configuration classes for test class [com.example.springhw1.SpringHw1ApplicationTests]: SpringHw1ApplicationTests does not declare any static, non-private, non-final, nested classes annotated with @Configuration.
20:49:05.680 [Test worker] INFO org.springframework.boot.test.context.SpringBootTestContextBootstrapper -- Found @SpringBootConfiguration com.example.springhw1.SpringHw1Application for test class com.example.springhw1.SpringHw1ApplicationTests

  .   ____          _            __ _ _
 /\\ / ___'_ __ _ _(_)_ __  __ _ \ \ \ \
( ( )\___ | '_ | '_| | '_ \/ _` | \ \ \ \
 \\/  ___)| |_)| | | | | || (_| |  ) ) ) )
  '  |____| .__|_| |_|_| |_\__, | / / / /
 =========|_|==============|___/=/_/_/_/
 :: Spring Boot ::                (v3.1.0)

2023-06-25T20:49:05.840-07:00  INFO 29230 --- [    Test worker] c.e.springhw1.SpringHw1ApplicationTests  : Starting SpringHw1ApplicationTests using Java 17.0.7 with PID 29230 (started by mia in /Users/mia/Desktop/ssi/homework/hw3/Spring-MVC-Demo-main)
2023-06-25T20:49:05.840-07:00  INFO 29230 --- [    Test worker] c.e.springhw1.SpringHw1ApplicationTests  : No active profile set, falling back to 1 default profile: "default"
2023-06-25T20:49:06.076-07:00  INFO 29230 --- [    Test worker] .s.d.r.c.RepositoryConfigurationDelegate : Bootstrapping Spring Data JPA repositories in DEFAULT mode.
2023-06-25T20:49:06.100-07:00  INFO 29230 --- [    Test worker] .s.d.r.c.RepositoryConfigurationDelegate : Finished Spring Data repository scanning in 21 ms. Found 1 JPA repository interfaces.
2023-06-25T20:49:06.900-07:00  INFO 29230 --- [    Test worker] o.hibernate.jpa.internal.util.LogHelper  : HHH000204: Processing PersistenceUnitInfo [name: default]
2023-06-25T20:49:06.930-07:00  INFO 29230 --- [    Test worker] org.hibernate.Version                    : HHH000412: Hibernate ORM core version 6.2.2.Final
2023-06-25T20:49:06.932-07:00  INFO 29230 --- [    Test worker] org.hibernate.cfg.Environment            : HHH000406: Using bytecode reflection optimizer
2023-06-25T20:49:07.011-07:00  INFO 29230 --- [    Test worker] o.h.b.i.BytecodeProviderInitiator        : HHH000021: Bytecode provider name : bytebuddy
2023-06-25T20:49:07.015-07:00  INFO 29230 --- [    Test worker] o.s.o.j.p.SpringPersistenceUnitInfo      : No LoadTimeWeaver setup: ignoring JPA class transformer
2023-06-25T20:49:07.024-07:00  INFO 29230 --- [    Test worker] com.zaxxer.hikari.HikariDataSource       : HikariPool-1 - Starting...
2023-06-25T20:49:07.234-07:00  INFO 29230 --- [    Test worker] com.zaxxer.hikari.pool.HikariPool        : HikariPool-1 - Added connection com.mysql.cj.jdbc.ConnectionImpl@7dc92a06
2023-06-25T20:49:07.235-07:00  INFO 29230 --- [    Test worker] com.zaxxer.hikari.HikariDataSource       : HikariPool-1 - Start completed.
2023-06-25T20:49:07.269-07:00  INFO 29230 --- [    Test worker] org.hibernate.orm.dialect                : HHH035001: Using dialect: org.hibernate.dialect.MySQLDialect, version: 8.0.29
2023-06-25T20:49:07.364-07:00  INFO 29230 --- [    Test worker] o.h.b.i.BytecodeProviderInitiator        : HHH000021: Bytecode provider name : bytebuddy
2023-06-25T20:49:07.594-07:00  INFO 29230 --- [    Test worker] o.h.e.t.j.p.i.JtaPlatformInitiator       : HHH000490: Using JtaPlatform implementation: [org.hibernate.engine.transaction.jta.platform.internal.NoJtaPlatform]
2023-06-25T20:49:07.618-07:00  INFO 29230 --- [    Test worker] j.LocalContainerEntityManagerFactoryBean : Initialized JPA EntityManagerFactory for persistence unit 'default'
2023-06-25T20:49:07.702-07:00  WARN 29230 --- [    Test worker] JpaBaseConfiguration$JpaWebConfiguration : spring.jpa.open-in-view is enabled by default. Therefore, database queries may be performed during view rendering. Explicitly configure spring.jpa.open-in-view to disable this warning
2023-06-25T20:49:07.887-07:00  INFO 29230 --- [    Test worker] o.s.b.t.m.w.SpringBootMockServletContext : Initializing Spring TestDispatcherServlet ''
2023-06-25T20:49:07.888-07:00  INFO 29230 --- [    Test worker] o.s.t.web.servlet.TestDispatcherServlet  : Initializing Servlet ''
2023-06-25T20:49:07.890-07:00  INFO 29230 --- [    Test worker] o.s.t.web.servlet.TestDispatcherServlet  : Completed initialization in 0 ms
2023-06-25T20:49:07.906-07:00  INFO 29230 --- [    Test worker] c.e.springhw1.SpringHw1ApplicationTests  : Started SpringHw1ApplicationTests in 2.164 seconds (process running for 2.747)
delete test passed
]]></system-out>
  <system-err><![CDATA[]]></system-err>
</testsuite>
